Change Component Comment : Designator=LS1 Old Comment=Kaiutin New Comment=Loudspeaker
Change Component Comment : Designator=U3 Old Comment=SI4703 Kehitysalusta New Comment=SI4703 Evaluation board
Change Component Designator: OldDesignator=Pot NewDesignator=Potentiometer 10k
Change Component Description : Designator=U2 Old Description= New Description=LM386 Low Voltage Audio Power Amplifier
Change Component Description : Designator=U3 Old Description= New Description=Si4703 Evaluation board
Change Component Description : Designator=Y1 Old Description=16 MHz ±30ppm Crystal 18pF 50 Ohms HC-49/US New Description=8 MHz Crystal  / HC-49/US
Change Component Description : Designator=R1 Old Description=Resistor New Description=Resistor 10k
Change Component Description : Designator=R2 Old Description=Resistor New Description=Resistor 10k
Change Component Description : Designator=R3 Old Description=Resistor New Description=Resistor 10k
Change Component Description : Designator=R4 Old Description=Resistor New Description=Resistor 10k
Change Component Description : Designator=R5 Old Description=Resistor New Description=Resistor 10k
Change Component Description : Designator=R6 Old Description=Resistor New Description=Resistor 10k
Added Component: Designator=U4(TE_6-146276-6)
Add component (AddParameter): Name = "Availability"; Value = "Warning"; VariantName = "[No Variations]"
Add component (AddParameter): Name = "Centerline_Pitch"; Value = "2.54 mm[.1 in]"; VariantName = "[No Variations]"
Add component (AddParameter): Name = "Check_prices"; Value = "https://www.snapeda.com/parts/6-146276-6/TE%20Connectivity/view-part/1438677/?ref=eda"; VariantName = "[No Variations]"
Add component (AddParameter): Name = "EU_RoHS_Compliance"; Value = "Compliant"; VariantName = "[No Variations]"
Add component (AddParameter): Name = "MF"; Value = "TE Connectivity"; VariantName = "[No Variations]"
Add component (AddParameter): Name = "MP"; Value = "6-146276-6"; VariantName = "[No Variations]"
Add component (AddParameter): Name = "Number_of_Positions"; Value = "16"; VariantName = "[No Variations]"
Add component (AddParameter): Name = "Package"; Value = "None"; VariantName = "[No Variations]"
Add component (AddParameter): Name = "Price"; Value = "None"; VariantName = "[No Variations]"
Add component (AddParameter): Name = "Product_Type"; Value = "Connector"; VariantName = "[No Variations]"
Add component (AddParameter): Name = "Purchase-URL"; Value = "https://pricing.snapeda.com/search/part/6-146276-6/?ref=eda"; VariantName = "[No Variations]"
Add component (AddParameter): Name = "SnapEDA_Link"; Value = "https://www.snapeda.com/parts/6-146276-6/TE%20Connectivity/view-part/1438677/?ref=snap"; VariantName = "[No Variations]"
Add component (AddParameter): Name = "Value"; Value = ""; VariantName = "[No Variations]"
Added Pin To Net: NetName=GND Pin=U4-1
Added Pin To Net: NetName=VCC Pin=U4-2
Added Pin To Net: NetName=GND Pin=U4-3
Added Pin To Net: NetName=RS Pin=U4-4
Added Pin To Net: NetName=GND Pin=U4-5
Added Pin To Net: NetName=E Pin=U4-6
Added Pin To Net: NetName=D4 Pin=U4-11
Added Pin To Net: NetName=D5 Pin=U4-12
Added Pin To Net: NetName=D6 Pin=U4-13
Added Pin To Net: NetName=D7 Pin=U4-14
Added Pin To Net: NetName=VCC Pin=U4-15
Added Pin To Net: NetName=GND Pin=U4-16
Added Member To Class: ClassName=Piirikaavio Member=Component U4 16x2 LCD-display
